0 info it worked if it ends with ok
1 verbose cli [ 'C:\\Program Files\\nodejs\\node.exe',
1 verbose cli   'C:\\Program Files\\nodejs\\node_modules\\npm\\bin\\npm-cli.js',
1 verbose cli   'run',
1 verbose cli   'dist' ]
2 info using npm@3.10.10
3 info using node@v6.10.1
4 verbose run-script [ 'predist', 'dist', 'postdist' ]
5 info lifecycle tttt@1.0.0~predist: tttt@1.0.0
6 silly lifecycle tttt@1.0.0~predist: no script for predist, continuing
7 info lifecycle tttt@1.0.0~dist: tttt@1.0.0
8 verbose lifecycle tttt@1.0.0~dist: unsafe-perm in lifecycle true
9 verbose lifecycle tttt@1.0.0~dist: PATH: C:\Program Files\nodejs\node_modules\npm\bin\node-gyp-bin;D:\html\vuePro\vueproject\node_modules\.bin;C:\Program Files (x86)\Common Files\Oracle\Java\javapath;C:\WINDOWS\system32;C:\WINDOWS;C:\WINDOWS\System32\Wbem;C:\WINDOWS\System32\WindowsPowerShell\v1.0\;C:\WINDOWS\System32\OpenSSH\;C:\Program Files (x86)\NVIDIA Corporation\PhysX\Common;C:\Program Files\dotnet\;C:\Program Files\Java\jdk1.8.0_181\bin;C:\Program Files\Java\jdk1.8.0_181\jre\bin;C:\Program Files\nodejs\;C:\Program Files\Git\cmd;C:\Users\Administrator\AppData\Local\Microsoft\WindowsApps;C:\AppServ\Apache24\bin;C:\AppServ\php5;C:\AppServ\MySQL\bin;C:\Users\Administrator\AppData\Roaming\npm
10 verbose lifecycle tttt@1.0.0~dist: CWD: D:\html\vuePro\vueproject
11 silly lifecycle tttt@1.0.0~dist: Args: [ '/d /s /c', 'webpack -p' ]
12 silly lifecycle tttt@1.0.0~dist: Returned: code: 2  signal: null
13 info lifecycle tttt@1.0.0~dist: Failed to exec dist script
14 verbose stack Error: tttt@1.0.0 dist: `webpack -p`
14 verbose stack Exit status 2
14 verbose stack     at EventEmitter.<anonymous> (C:\Program Files\nodejs\node_modules\npm\lib\utils\lifecycle.js:255:16)
14 verbose stack     at emitTwo (events.js:106:13)
14 verbose stack     at EventEmitter.emit (events.js:191:7)
14 verbose stack     at ChildProcess.<anonymous> (C:\Program Files\nodejs\node_modules\npm\lib\utils\spawn.js:40:14)
14 verbose stack     at emitTwo (events.js:106:13)
14 verbose stack     at ChildProcess.emit (events.js:191:7)
14 verbose stack     at maybeClose (internal/child_process.js:886:16)
14 verbose stack     at Process.ChildProcess._handle.onexit (internal/child_process.js:226:5)
15 verbose pkgid tttt@1.0.0
16 verbose cwd D:\html\vuePro\vueproject
17 error Windows_NT 10.0.17134
18 error argv "C:\\Program Files\\nodejs\\node.exe" "C:\\Program Files\\nodejs\\node_modules\\npm\\bin\\npm-cli.js" "run" "dist"
19 error node v6.10.1
20 error npm  v3.10.10
21 error code ELIFECYCLE
22 error tttt@1.0.0 dist: `webpack -p`
22 error Exit status 2
23 error Failed at the tttt@1.0.0 dist script 'webpack -p'.
23 error Make sure you have the latest version of node.js and npm installed.
23 error If you do, this is most likely a problem with the tttt package,
23 error not with npm itself.
23 error Tell the author that this fails on your system:
23 error     webpack -p
23 error You can get information on how to open an issue for this project with:
23 error     npm bugs tttt
23 error Or if that isn't available, you can get their info via:
23 error     npm owner ls tttt
23 error There is likely additional logging output above.
24 verbose exit [ 1, true ]
